mode: set
git.garena.com/sea-labs-id/batch-04/shared-projects/go-parking-lot/entity/ticket.go:18.25,24.2 3 1
git.garena.com/sea-labs-id/batch-04/shared-projects/go-parking-lot/parking/attendance.go:15.43,22.28 2 1
git.garena.com/sea-labs-id/batch-04/shared-projects/go-parking-lot/parking/attendance.go:25.2,25.19 1 1
git.garena.com/sea-labs-id/batch-04/shared-projects/go-parking-lot/parking/attendance.go:22.28,24.3 1 1
git.garena.com/sea-labs-id/batch-04/shared-projects/go-parking-lot/parking/attendance.go:28.51,30.56 2 1
git.garena.com/sea-labs-id/batch-04/shared-projects/go-parking-lot/parking/attendance.go:36.2,37.71 2 1
git.garena.com/sea-labs-id/batch-04/shared-projects/go-parking-lot/parking/attendance.go:30.56,31.19 1 1
git.garena.com/sea-labs-id/batch-04/shared-projects/go-parking-lot/parking/attendance.go:31.19,33.9 2 1
git.garena.com/sea-labs-id/batch-04/shared-projects/go-parking-lot/parking/attendance.go:40.56,43.51 2 1
git.garena.com/sea-labs-id/batch-04/shared-projects/go-parking-lot/parking/attendance.go:49.2,50.71 2 1
git.garena.com/sea-labs-id/batch-04/shared-projects/go-parking-lot/parking/attendance.go:43.51,44.19 1 1
git.garena.com/sea-labs-id/batch-04/shared-projects/go-parking-lot/parking/attendance.go:44.19,46.9 2 1
git.garena.com/sea-labs-id/batch-04/shared-projects/go-parking-lot/parking/attendance.go:53.76,56.49 2 1
git.garena.com/sea-labs-id/batch-04/shared-projects/go-parking-lot/parking/attendance.go:69.2,69.20 1 1
git.garena.com/sea-labs-id/batch-04/shared-projects/go-parking-lot/parking/attendance.go:73.2,75.20 2 1
git.garena.com/sea-labs-id/batch-04/shared-projects/go-parking-lot/parking/attendance.go:56.49,58.45 1 1
git.garena.com/sea-labs-id/batch-04/shared-projects/go-parking-lot/parking/attendance.go:62.3,62.37 1 1
git.garena.com/sea-labs-id/batch-04/shared-projects/go-parking-lot/parking/attendance.go:58.45,60.4 1 1
git.garena.com/sea-labs-id/batch-04/shared-projects/go-parking-lot/parking/attendance.go:62.37,63.40 1 1
git.garena.com/sea-labs-id/batch-04/shared-projects/go-parking-lot/parking/attendance.go:63.40,65.5 1 1
git.garena.com/sea-labs-id/batch-04/shared-projects/go-parking-lot/parking/attendance.go:69.20,71.3 1 1
git.garena.com/sea-labs-id/batch-04/shared-projects/go-parking-lot/parking/attendance.go:78.81,79.47 1 1
git.garena.com/sea-labs-id/batch-04/shared-projects/go-parking-lot/parking/attendance.go:86.2,86.37 1 1
git.garena.com/sea-labs-id/batch-04/shared-projects/go-parking-lot/parking/attendance.go:79.47,81.9 2 1
git.garena.com/sea-labs-id/batch-04/shared-projects/go-parking-lot/parking/attendance.go:81.9,84.4 2 1
git.garena.com/sea-labs-id/batch-04/shared-projects/go-parking-lot/parking/parkinglot.go:15.38,21.2 2 1
git.garena.com/sea-labs-id/batch-04/shared-projects/go-parking-lot/parking/parkinglot.go:23.38,25.2 1 1
git.garena.com/sea-labs-id/batch-04/shared-projects/go-parking-lot/parking/parkinglot.go:27.62,30.43 1 1
git.garena.com/sea-labs-id/batch-04/shared-projects/go-parking-lot/parking/parkinglot.go:34.2,34.37 1 1
git.garena.com/sea-labs-id/batch-04/shared-projects/go-parking-lot/parking/parkinglot.go:40.2,44.43 3 1
git.garena.com/sea-labs-id/batch-04/shared-projects/go-parking-lot/parking/parkinglot.go:50.2,50.21 1 1
git.garena.com/sea-labs-id/batch-04/shared-projects/go-parking-lot/parking/parkinglot.go:30.43,32.3 1 1
git.garena.com/sea-labs-id/batch-04/shared-projects/go-parking-lot/parking/parkinglot.go:34.37,35.43 1 1
git.garena.com/sea-labs-id/batch-04/shared-projects/go-parking-lot/parking/parkinglot.go:35.43,37.4 1 1
git.garena.com/sea-labs-id/batch-04/shared-projects/go-parking-lot/parking/parkinglot.go:44.43,45.42 1 1
git.garena.com/sea-labs-id/batch-04/shared-projects/go-parking-lot/parking/parkinglot.go:45.42,47.4 1 1
git.garena.com/sea-labs-id/batch-04/shared-projects/go-parking-lot/parking/parkinglot.go:53.67,56.8 2 1
git.garena.com/sea-labs-id/batch-04/shared-projects/go-parking-lot/parking/parkinglot.go:64.2,64.27 1 1
git.garena.com/sea-labs-id/batch-04/shared-projects/go-parking-lot/parking/parkinglot.go:56.8,59.42 3 1
git.garena.com/sea-labs-id/batch-04/shared-projects/go-parking-lot/parking/parkinglot.go:62.3,62.18 1 1
git.garena.com/sea-labs-id/batch-04/shared-projects/go-parking-lot/parking/parkinglot.go:59.42,61.4 1 1
git.garena.com/sea-labs-id/batch-04/shared-projects/go-parking-lot/parking/parkinglot.go:67.53,70.2 1 1
