mode: set
git.garena.com/sea-labs-id/batch-04/shared-projects/go-parking-lot/parking/attendance.go:13.42,15.2 1 1
git.garena.com/sea-labs-id/batch-04/shared-projects/go-parking-lot/parking/attendance.go:17.76,21.49 2 1
git.garena.com/sea-labs-id/batch-04/shared-projects/go-parking-lot/parking/attendance.go:34.2,34.20 1 1
git.garena.com/sea-labs-id/batch-04/shared-projects/go-parking-lot/parking/attendance.go:38.2,40.20 2 1
git.garena.com/sea-labs-id/batch-04/shared-projects/go-parking-lot/parking/attendance.go:21.49,23.45 1 1
git.garena.com/sea-labs-id/batch-04/shared-projects/go-parking-lot/parking/attendance.go:27.3,27.37 1 1
git.garena.com/sea-labs-id/batch-04/shared-projects/go-parking-lot/parking/attendance.go:23.45,25.4 1 1
git.garena.com/sea-labs-id/batch-04/shared-projects/go-parking-lot/parking/attendance.go:27.37,28.40 1 1
git.garena.com/sea-labs-id/batch-04/shared-projects/go-parking-lot/parking/attendance.go:28.40,30.5 1 1
git.garena.com/sea-labs-id/batch-04/shared-projects/go-parking-lot/parking/attendance.go:34.20,36.3 1 1
git.garena.com/sea-labs-id/batch-04/shared-projects/go-parking-lot/parking/attendance.go:43.81,44.49 1 1
git.garena.com/sea-labs-id/batch-04/shared-projects/go-parking-lot/parking/attendance.go:54.2,54.37 1 0
git.garena.com/sea-labs-id/batch-04/shared-projects/go-parking-lot/parking/attendance.go:44.49,46.17 2 1
git.garena.com/sea-labs-id/batch-04/shared-projects/go-parking-lot/parking/attendance.go:50.3,50.36 1 1
git.garena.com/sea-labs-id/batch-04/shared-projects/go-parking-lot/parking/attendance.go:46.17,48.4 1 1
git.garena.com/sea-labs-id/batch-04/shared-projects/go-parking-lot/parking/attendance.go:50.36,52.4 1 1
git.garena.com/sea-labs-id/batch-04/shared-projects/go-parking-lot/parking/parkinglot.go:12.38,18.2 2 1
git.garena.com/sea-labs-id/batch-04/shared-projects/go-parking-lot/parking/parkinglot.go:20.62,22.56 1 1
git.garena.com/sea-labs-id/batch-04/shared-projects/go-parking-lot/parking/parkinglot.go:26.2,26.37 1 1
git.garena.com/sea-labs-id/batch-04/shared-projects/go-parking-lot/parking/parkinglot.go:32.2,35.21 3 1
git.garena.com/sea-labs-id/batch-04/shared-projects/go-parking-lot/parking/parkinglot.go:22.56,24.3 1 1
git.garena.com/sea-labs-id/batch-04/shared-projects/go-parking-lot/parking/parkinglot.go:26.37,27.43 1 1
git.garena.com/sea-labs-id/batch-04/shared-projects/go-parking-lot/parking/parkinglot.go:27.43,29.4 1 1
git.garena.com/sea-labs-id/batch-04/shared-projects/go-parking-lot/parking/parkinglot.go:38.67,41.8 2 1
git.garena.com/sea-labs-id/batch-04/shared-projects/go-parking-lot/parking/parkinglot.go:45.2,45.27 1 1
git.garena.com/sea-labs-id/batch-04/shared-projects/go-parking-lot/parking/parkinglot.go:41.8,44.3 2 1
git.garena.com/sea-labs-id/batch-04/shared-projects/go-parking-lot/entity/ticket.go:18.25,24.2 3 1
