mode: set
git.garena.com/sea-labs-id/batch-04/shared-projects/go-parking-lot/parking/attendance.go:9.40,11.2 1 1
git.garena.com/sea-labs-id/batch-04/shared-projects/go-parking-lot/parking/attendance.go:13.76,15.2 1 0
git.garena.com/sea-labs-id/batch-04/shared-projects/go-parking-lot/parking/attendance.go:17.81,19.2 1 0
git.garena.com/sea-labs-id/batch-04/shared-projects/go-parking-lot/parking/parkinglot.go:12.38,18.2 2 1
git.garena.com/sea-labs-id/batch-04/shared-projects/go-parking-lot/parking/parkinglot.go:20.62,22.56 1 1
git.garena.com/sea-labs-id/batch-04/shared-projects/go-parking-lot/parking/parkinglot.go:26.2,26.37 1 1
git.garena.com/sea-labs-id/batch-04/shared-projects/go-parking-lot/parking/parkinglot.go:32.2,35.21 3 1
git.garena.com/sea-labs-id/batch-04/shared-projects/go-parking-lot/parking/parkinglot.go:22.56,24.3 1 1
git.garena.com/sea-labs-id/batch-04/shared-projects/go-parking-lot/parking/parkinglot.go:26.37,27.43 1 1
git.garena.com/sea-labs-id/batch-04/shared-projects/go-parking-lot/parking/parkinglot.go:27.43,29.4 1 1
git.garena.com/sea-labs-id/batch-04/shared-projects/go-parking-lot/parking/parkinglot.go:38.67,41.8 2 1
git.garena.com/sea-labs-id/batch-04/shared-projects/go-parking-lot/parking/parkinglot.go:45.2,45.27 1 1
git.garena.com/sea-labs-id/batch-04/shared-projects/go-parking-lot/parking/parkinglot.go:41.8,44.3 2 1
