mode: set
git.garena.com/sea-labs-id/batch-04/shared-projects/go-parking-lot/parking/attendance.go:16.43,24.28 2 1
git.garena.com/sea-labs-id/batch-04/shared-projects/go-parking-lot/parking/attendance.go:27.2,27.19 1 1
git.garena.com/sea-labs-id/batch-04/shared-projects/go-parking-lot/parking/attendance.go:24.28,26.3 1 1
git.garena.com/sea-labs-id/batch-04/shared-projects/go-parking-lot/parking/attendance.go:30.51,32.56 2 1
git.garena.com/sea-labs-id/batch-04/shared-projects/go-parking-lot/parking/attendance.go:32.56,33.19 1 1
git.garena.com/sea-labs-id/batch-04/shared-projects/go-parking-lot/parking/attendance.go:33.19,35.9 2 1
git.garena.com/sea-labs-id/batch-04/shared-projects/go-parking-lot/parking/attendance.go:40.56,43.51 2 1
git.garena.com/sea-labs-id/batch-04/shared-projects/go-parking-lot/parking/attendance.go:43.51,44.19 1 1
git.garena.com/sea-labs-id/batch-04/shared-projects/go-parking-lot/parking/attendance.go:44.19,46.9 2 1
git.garena.com/sea-labs-id/batch-04/shared-projects/go-parking-lot/parking/attendance.go:51.76,52.32 1 1
git.garena.com/sea-labs-id/batch-04/shared-projects/go-parking-lot/parking/attendance.go:63.2,63.47 1 1
git.garena.com/sea-labs-id/batch-04/shared-projects/go-parking-lot/parking/attendance.go:74.2,76.20 2 1
git.garena.com/sea-labs-id/batch-04/shared-projects/go-parking-lot/parking/attendance.go:53.25,54.65 1 1
git.garena.com/sea-labs-id/batch-04/shared-projects/go-parking-lot/parking/attendance.go:57.26,58.65 1 1
git.garena.com/sea-labs-id/batch-04/shared-projects/go-parking-lot/parking/attendance.go:54.65,56.4 1 1
git.garena.com/sea-labs-id/batch-04/shared-projects/go-parking-lot/parking/attendance.go:58.65,60.4 1 1
git.garena.com/sea-labs-id/batch-04/shared-projects/go-parking-lot/parking/attendance.go:63.47,65.17 2 1
git.garena.com/sea-labs-id/batch-04/shared-projects/go-parking-lot/parking/attendance.go:65.17,66.26 1 1
git.garena.com/sea-labs-id/batch-04/shared-projects/go-parking-lot/parking/attendance.go:66.26,68.5 1 1
git.garena.com/sea-labs-id/batch-04/shared-projects/go-parking-lot/parking/attendance.go:68.10,68.34 1 1
git.garena.com/sea-labs-id/batch-04/shared-projects/go-parking-lot/parking/attendance.go:68.34,70.5 1 1
git.garena.com/sea-labs-id/batch-04/shared-projects/go-parking-lot/parking/attendance.go:79.81,80.47 1 1
git.garena.com/sea-labs-id/batch-04/shared-projects/go-parking-lot/parking/attendance.go:87.2,87.37 1 1
git.garena.com/sea-labs-id/batch-04/shared-projects/go-parking-lot/parking/attendance.go:80.47,82.9 2 1
git.garena.com/sea-labs-id/batch-04/shared-projects/go-parking-lot/parking/attendance.go:82.9,85.4 2 1
git.garena.com/sea-labs-id/batch-04/shared-projects/go-parking-lot/parking/attendance.go:90.68,92.2 1 1
git.garena.com/sea-labs-id/batch-04/shared-projects/go-parking-lot/parking/default_style.go:5.62,7.2 1 0
git.garena.com/sea-labs-id/batch-04/shared-projects/go-parking-lot/parking/highest_capacity.go:5.82,8.27 3 0
git.garena.com/sea-labs-id/batch-04/shared-projects/go-parking-lot/parking/highest_capacity.go:13.2,13.20 1 0
git.garena.com/sea-labs-id/batch-04/shared-projects/go-parking-lot/parking/highest_capacity.go:8.27,9.43 1 0
git.garena.com/sea-labs-id/batch-04/shared-projects/go-parking-lot/parking/highest_capacity.go:9.43,11.4 1 0
git.garena.com/sea-labs-id/batch-04/shared-projects/go-parking-lot/parking/highest_free_space.go:6.84,9.27 3 0
git.garena.com/sea-labs-id/batch-04/shared-projects/go-parking-lot/parking/highest_free_space.go:14.2,14.20 1 0
git.garena.com/sea-labs-id/batch-04/shared-projects/go-parking-lot/parking/highest_free_space.go:9.27,10.40 1 0
git.garena.com/sea-labs-id/batch-04/shared-projects/go-parking-lot/parking/highest_free_space.go:10.40,12.4 1 0
git.garena.com/sea-labs-id/batch-04/shared-projects/go-parking-lot/parking/parkinglot.go:13.38,19.2 2 1
git.garena.com/sea-labs-id/batch-04/shared-projects/go-parking-lot/parking/parkinglot.go:21.64,23.38 1 1
git.garena.com/sea-labs-id/batch-04/shared-projects/go-parking-lot/parking/parkinglot.go:27.2,27.33 1 1
git.garena.com/sea-labs-id/batch-04/shared-projects/go-parking-lot/parking/parkinglot.go:32.2,32.12 1 1
git.garena.com/sea-labs-id/batch-04/shared-projects/go-parking-lot/parking/parkinglot.go:23.38,25.3 1 1
git.garena.com/sea-labs-id/batch-04/shared-projects/go-parking-lot/parking/parkinglot.go:27.33,28.39 1 1
git.garena.com/sea-labs-id/batch-04/shared-projects/go-parking-lot/parking/parkinglot.go:28.39,30.4 1 1
git.garena.com/sea-labs-id/batch-04/shared-projects/go-parking-lot/parking/parkinglot.go:35.62,38.71 1 1
git.garena.com/sea-labs-id/batch-04/shared-projects/go-parking-lot/parking/parkinglot.go:42.2,42.37 1 1
git.garena.com/sea-labs-id/batch-04/shared-projects/go-parking-lot/parking/parkinglot.go:48.2,52.71 3 1
git.garena.com/sea-labs-id/batch-04/shared-projects/go-parking-lot/parking/parkinglot.go:58.2,58.21 1 1
git.garena.com/sea-labs-id/batch-04/shared-projects/go-parking-lot/parking/parkinglot.go:38.71,40.3 1 1
git.garena.com/sea-labs-id/batch-04/shared-projects/go-parking-lot/parking/parkinglot.go:42.37,43.43 1 1
git.garena.com/sea-labs-id/batch-04/shared-projects/go-parking-lot/parking/parkinglot.go:43.43,45.4 1 1
git.garena.com/sea-labs-id/batch-04/shared-projects/go-parking-lot/parking/parkinglot.go:52.71,53.43 1 1
git.garena.com/sea-labs-id/batch-04/shared-projects/go-parking-lot/parking/parkinglot.go:53.43,55.4 1 1
git.garena.com/sea-labs-id/batch-04/shared-projects/go-parking-lot/parking/parkinglot.go:61.67,64.8 2 1
git.garena.com/sea-labs-id/batch-04/shared-projects/go-parking-lot/parking/parkinglot.go:71.2,71.27 1 1
git.garena.com/sea-labs-id/batch-04/shared-projects/go-parking-lot/parking/parkinglot.go:64.8,66.43 2 1
git.garena.com/sea-labs-id/batch-04/shared-projects/go-parking-lot/parking/parkinglot.go:69.3,69.18 1 1
git.garena.com/sea-labs-id/batch-04/shared-projects/go-parking-lot/parking/parkinglot.go:66.43,68.4 1 1
git.garena.com/sea-labs-id/batch-04/shared-projects/go-parking-lot/parking/parkinglot.go:74.54,76.2 1 1
git.garena.com/sea-labs-id/batch-04/shared-projects/go-parking-lot/parking/parkinglot.go:78.53,81.2 1 1
git.garena.com/sea-labs-id/batch-04/shared-projects/go-parking-lot/parking/parkinglot.go:83.48,85.2 1 1
git.garena.com/sea-labs-id/batch-04/shared-projects/go-parking-lot/parking/parkinglot.go:87.35,89.2 1 1
git.garena.com/sea-labs-id/batch-04/shared-projects/go-parking-lot/parking/parkinglot.go:91.53,93.2 1 1
